NOTE: Picked up JDK_JAVA_OPTIONS:  --add-opens=java.base/java.lang=ALL-UNNAMED --add-opens=java.base/java.io=ALL-UNNAMED --add-opens=java.base/java.util=ALL-UNNAMED --add-opens=java.base/java.util.concurrent=ALL-UNNAMED --add-opens=java.rmi/sun.rmi.transport=ALL-UNNAMED
21-Feb-2021 18:06:35.597 INFORMAÇÕES [main] org.apache.catalina.startup.VersionLoggerListener.log Server version name:   Apache Tomcat/9.0.43
21-Feb-2021 18:06:35.599 INFORMAÇÕES [main] org.apache.catalina.startup.VersionLoggerListener.log Server built:          Jan 28 2021 20:25:45 UTC
21-Feb-2021 18:06:35.599 INFORMAÇÕES [main] org.apache.catalina.startup.VersionLoggerListener.log Server version number: 9.0.43.0
21-Feb-2021 18:06:35.599 INFORMAÇÕES [main] org.apache.catalina.startup.VersionLoggerListener.log OS Name:               Linux
21-Feb-2021 18:06:35.599 INFORMAÇÕES [main] org.apache.catalina.startup.VersionLoggerListener.log OS Version:            5.10.15-1-MANJARO
21-Feb-2021 18:06:35.600 INFORMAÇÕES [main] org.apache.catalina.startup.VersionLoggerListener.log Architecture:          amd64
21-Feb-2021 18:06:35.600 INFORMAÇÕES [main] org.apache.catalina.startup.VersionLoggerListener.log Java Home:             /usr/lib/jvm/java-11-openjdk
21-Feb-2021 18:06:35.600 INFORMAÇÕES [main] org.apache.catalina.startup.VersionLoggerListener.log JVM Version:           11.0.10+9
21-Feb-2021 18:06:35.600 INFORMAÇÕES [main] org.apache.catalina.startup.VersionLoggerListener.log JVM Vendor:            Oracle Corporation
21-Feb-2021 18:06:35.600 INFORMAÇÕES [main] org.apache.catalina.startup.VersionLoggerListener.log CATALINA_BASE:         /home/fernandovgs/dev/studies/inter-java-bootcamp/course-11-springboot/apache-tomcat-9.0.43
21-Feb-2021 18:06:35.600 INFORMAÇÕES [main] org.apache.catalina.startup.VersionLoggerListener.log CATALINA_HOME:         /home/fernandovgs/dev/studies/inter-java-bootcamp/course-11-springboot/apache-tomcat-9.0.43
21-Feb-2021 18:06:35.613 INFORMAÇÕES [main] org.apache.catalina.startup.VersionLoggerListener.log Command line argument: --add-opens=java.base/java.lang=ALL-UNNAMED
21-Feb-2021 18:06:35.613 INFORMAÇÕES [main] org.apache.catalina.startup.VersionLoggerListener.log Command line argument: --add-opens=java.base/java.io=ALL-UNNAMED
21-Feb-2021 18:06:35.613 INFORMAÇÕES [main] org.apache.catalina.startup.VersionLoggerListener.log Command line argument: --add-opens=java.base/java.util=ALL-UNNAMED
21-Feb-2021 18:06:35.614 INFORMAÇÕES [main] org.apache.catalina.startup.VersionLoggerListener.log Command line argument: --add-opens=java.base/java.util.concurrent=ALL-UNNAMED
21-Feb-2021 18:06:35.614 INFORMAÇÕES [main] org.apache.catalina.startup.VersionLoggerListener.log Command line argument: --add-opens=java.rmi/sun.rmi.transport=ALL-UNNAMED
21-Feb-2021 18:06:35.614 INFORMAÇÕES [main] org.apache.catalina.startup.VersionLoggerListener.log Command line argument: -Djava.util.logging.config.file=/home/fernandovgs/dev/studies/inter-java-bootcamp/course-11-springboot/apache-tomcat-9.0.43/conf/logging.properties
21-Feb-2021 18:06:35.614 INFORMAÇÕES [main] org.apache.catalina.startup.VersionLoggerListener.log Command line argument: -Djava.util.logging.manager=org.apache.juli.ClassLoaderLogManager
21-Feb-2021 18:06:35.614 INFORMAÇÕES [main] org.apache.catalina.startup.VersionLoggerListener.log Command line argument: -Djdk.tls.ephemeralDHKeySize=2048
21-Feb-2021 18:06:35.614 INFORMAÇÕES [main] org.apache.catalina.startup.VersionLoggerListener.log Command line argument: -Djava.protocol.handler.pkgs=org.apache.catalina.webresources
21-Feb-2021 18:06:35.614 INFORMAÇÕES [main] org.apache.catalina.startup.VersionLoggerListener.log Command line argument: -Dorg.apache.catalina.security.SecurityListener.UMASK=0027
21-Feb-2021 18:06:35.614 INFORMAÇÕES [main] org.apache.catalina.startup.VersionLoggerListener.log Command line argument: -Dignore.endorsed.dirs=
21-Feb-2021 18:06:35.614 INFORMAÇÕES [main] org.apache.catalina.startup.VersionLoggerListener.log Command line argument: -Dcatalina.base=/home/fernandovgs/dev/studies/inter-java-bootcamp/course-11-springboot/apache-tomcat-9.0.43
21-Feb-2021 18:06:35.614 INFORMAÇÕES [main] org.apache.catalina.startup.VersionLoggerListener.log Command line argument: -Dcatalina.home=/home/fernandovgs/dev/studies/inter-java-bootcamp/course-11-springboot/apache-tomcat-9.0.43
21-Feb-2021 18:06:35.615 INFORMAÇÕES [main] org.apache.catalina.startup.VersionLoggerListener.log Command line argument: -Djava.io.tmpdir=/home/fernandovgs/dev/studies/inter-java-bootcamp/course-11-springboot/apache-tomcat-9.0.43/temp
21-Feb-2021 18:06:35.616 INFORMAÇÕES [main] org.apache.catalina.core.AprLifecycleListener.lifecycleEvent The Apache Tomcat Native library which allows using OpenSSL was not found on the java.library.path: [/usr/java/packages/lib:/usr/lib64:/lib64:/lib:/usr/lib]
21-Feb-2021 18:06:35.874 INFORMAÇÕES [main] org.apache.coyote.AbstractProtocol.init Initializing ProtocolHandler ["http-nio-8080"]
21-Feb-2021 18:06:35.896 INFORMAÇÕES [main] org.apache.catalina.startup.Catalina.load Server initialization in [462] milliseconds
21-Feb-2021 18:06:35.938 INFORMAÇÕES [main] org.apache.catalina.core.StandardService.startInternal Starting service [Catalina]
21-Feb-2021 18:06:35.938 INFORMAÇÕES [main] org.apache.catalina.core.StandardEngine.startInternal Starting Servlet engine: [Apache Tomcat/9.0.43]
21-Feb-2021 18:06:35.949 INFORMAÇÕES [main] org.apache.catalina.startup.HostConfig.deployWAR Deploying web application archive [/home/fernandovgs/dev/studies/inter-java-bootcamp/course-11-springboot/apache-tomcat-9.0.43/webapps/course-11-springboot-0.0.1-SNAPSHOT.war]
21-Feb-2021 18:06:36.981 INFORMAÇÕES [main] org.apache.jasper.servlet.TldScanner.scanJars At least one JAR was scanned for TLDs yet contained no TLDs. Enable debug logging for this logger for a complete list of JARs that were scanned but no TLDs were found in them. Skipping unneeded JARs during scanning can improve startup time and JSP compilation time.
21-Feb-2021 18:06:37.063 INFORMAÇÕES [main] org.apache.catalina.startup.HostConfig.deployWAR Deployment of web application archive [/home/fernandovgs/dev/studies/inter-java-bootcamp/course-11-springboot/apache-tomcat-9.0.43/webapps/course-11-springboot-0.0.1-SNAPSHOT.war] has finished in [1.114] ms
21-Feb-2021 18:06:37.064 INFORMAÇÕES [main] org.apache.catalina.startup.HostConfig.deployDirectory Diretório de instalação da aplicação web [/home/fernandovgs/dev/studies/inter-java-bootcamp/course-11-springboot/apache-tomcat-9.0.43/webapps/manager]
21-Feb-2021 18:06:37.088 INFORMAÇÕES [main] org.apache.catalina.startup.HostConfig.deployDirectory Deployment of web application directory [/home/fernandovgs/dev/studies/inter-java-bootcamp/course-11-springboot/apache-tomcat-9.0.43/webapps/manager] has finished in [24] ms
21-Feb-2021 18:06:37.088 INFORMAÇÕES [main] org.apache.catalina.startup.HostConfig.deployDirectory Diretório de instalação da aplicação web [/home/fernandovgs/dev/studies/inter-java-bootcamp/course-11-springboot/apache-tomcat-9.0.43/webapps/host-manager]
21-Feb-2021 18:06:37.102 INFORMAÇÕES [main] org.apache.catalina.startup.HostConfig.deployDirectory Deployment of web application directory [/home/fernandovgs/dev/studies/inter-java-bootcamp/course-11-springboot/apache-tomcat-9.0.43/webapps/host-manager] has finished in [14] ms
21-Feb-2021 18:06:37.102 INFORMAÇÕES [main] org.apache.catalina.startup.HostConfig.deployDirectory Diretório de instalação da aplicação web [/home/fernandovgs/dev/studies/inter-java-bootcamp/course-11-springboot/apache-tomcat-9.0.43/webapps/examples]
21-Feb-2021 18:06:37.205 INFORMAÇÕES [main] org.apache.catalina.startup.HostConfig.deployDirectory Deployment of web application directory [/home/fernandovgs/dev/studies/inter-java-bootcamp/course-11-springboot/apache-tomcat-9.0.43/webapps/examples] has finished in [103] ms
21-Feb-2021 18:06:37.206 INFORMAÇÕES [main] org.apache.catalina.startup.HostConfig.deployDirectory Diretório de instalação da aplicação web [/home/fernandovgs/dev/studies/inter-java-bootcamp/course-11-springboot/apache-tomcat-9.0.43/webapps/docs]
21-Feb-2021 18:06:37.216 INFORMAÇÕES [main] org.apache.catalina.startup.HostConfig.deployDirectory Deployment of web application directory [/home/fernandovgs/dev/studies/inter-java-bootcamp/course-11-springboot/apache-tomcat-9.0.43/webapps/docs] has finished in [10] ms
21-Feb-2021 18:06:37.216 INFORMAÇÕES [main] org.apache.catalina.startup.HostConfig.deployDirectory Diretório de instalação da aplicação web [/home/fernandovgs/dev/studies/inter-java-bootcamp/course-11-springboot/apache-tomcat-9.0.43/webapps/ROOT]
21-Feb-2021 18:06:37.226 INFORMAÇÕES [main] org.apache.catalina.startup.HostConfig.deployDirectory Deployment of web application directory [/home/fernandovgs/dev/studies/inter-java-bootcamp/course-11-springboot/apache-tomcat-9.0.43/webapps/ROOT] has finished in [10] ms
21-Feb-2021 18:06:37.230 INFORMAÇÕES [main] org.apache.coyote.AbstractProtocol.start Starting ProtocolHandler ["http-nio-8080"]
21-Feb-2021 18:06:37.236 INFORMAÇÕES [main] org.apache.catalina.startup.Catalina.start Server startup in [1339] milliseconds
21-Feb-2021 18:11:11.332 INFORMAÇÕES [main] org.apache.catalina.core.StandardServer.await A valid shutdown command was received via the shutdown port. Stopping the Server instance.
21-Feb-2021 18:11:11.333 INFORMAÇÕES [main] org.apache.coyote.AbstractProtocol.pause Pausing ProtocolHandler ["http-nio-8080"]
21-Feb-2021 18:11:11.340 INFORMAÇÕES [main] org.apache.catalina.core.StandardService.stopInternal Stopping service [Catalina]
21-Feb-2021 18:11:11.371 INFORMAÇÕES [main] org.apache.coyote.AbstractProtocol.stop Stopping ProtocolHandler ["http-nio-8080"]
21-Feb-2021 18:11:11.389 INFORMAÇÕES [main] org.apache.coyote.AbstractProtocol.destroy Destroying ProtocolHandler ["http-nio-8080"]
NOTE: Picked up JDK_JAVA_OPTIONS:  --add-opens=java.base/java.lang=ALL-UNNAMED --add-opens=java.base/java.io=ALL-UNNAMED --add-opens=java.base/java.util=ALL-UNNAMED --add-opens=java.base/java.util.concurrent=ALL-UNNAMED --add-opens=java.rmi/sun.rmi.transport=ALL-UNNAMED
21-Feb-2021 18:11:58.858 INFORMAÇÕES [main] org.apache.catalina.startup.VersionLoggerListener.log Server version name:   Apache Tomcat/9.0.43
21-Feb-2021 18:11:58.861 INFORMAÇÕES [main] org.apache.catalina.startup.VersionLoggerListener.log Server built:          Jan 28 2021 20:25:45 UTC
21-Feb-2021 18:11:58.861 INFORMAÇÕES [main] org.apache.catalina.startup.VersionLoggerListener.log Server version number: 9.0.43.0
21-Feb-2021 18:11:58.861 INFORMAÇÕES [main] org.apache.catalina.startup.VersionLoggerListener.log OS Name:               Linux
21-Feb-2021 18:11:58.861 INFORMAÇÕES [main] org.apache.catalina.startup.VersionLoggerListener.log OS Version:            5.10.15-1-MANJARO
21-Feb-2021 18:11:58.861 INFORMAÇÕES [main] org.apache.catalina.startup.VersionLoggerListener.log Architecture:          amd64
21-Feb-2021 18:11:58.861 INFORMAÇÕES [main] org.apache.catalina.startup.VersionLoggerListener.log Java Home:             /usr/lib/jvm/java-11-openjdk
21-Feb-2021 18:11:58.861 INFORMAÇÕES [main] org.apache.catalina.startup.VersionLoggerListener.log JVM Version:           11.0.10+9
21-Feb-2021 18:11:58.861 INFORMAÇÕES [main] org.apache.catalina.startup.VersionLoggerListener.log JVM Vendor:            Oracle Corporation
21-Feb-2021 18:11:58.861 INFORMAÇÕES [main] org.apache.catalina.startup.VersionLoggerListener.log CATALINA_BASE:         /home/fernandovgs/dev/studies/inter-java-bootcamp/course-11-springboot/apache-tomcat-9.0.43
21-Feb-2021 18:11:58.862 INFORMAÇÕES [main] org.apache.catalina.startup.VersionLoggerListener.log CATALINA_HOME:         /home/fernandovgs/dev/studies/inter-java-bootcamp/course-11-springboot/apache-tomcat-9.0.43
21-Feb-2021 18:11:58.870 INFORMAÇÕES [main] org.apache.catalina.startup.VersionLoggerListener.log Command line argument: --add-opens=java.base/java.lang=ALL-UNNAMED
21-Feb-2021 18:11:58.870 INFORMAÇÕES [main] org.apache.catalina.startup.VersionLoggerListener.log Command line argument: --add-opens=java.base/java.io=ALL-UNNAMED
21-Feb-2021 18:11:58.870 INFORMAÇÕES [main] org.apache.catalina.startup.VersionLoggerListener.log Command line argument: --add-opens=java.base/java.util=ALL-UNNAMED
21-Feb-2021 18:11:58.870 INFORMAÇÕES [main] org.apache.catalina.startup.VersionLoggerListener.log Command line argument: --add-opens=java.base/java.util.concurrent=ALL-UNNAMED
21-Feb-2021 18:11:58.870 INFORMAÇÕES [main] org.apache.catalina.startup.VersionLoggerListener.log Command line argument: --add-opens=java.rmi/sun.rmi.transport=ALL-UNNAMED
21-Feb-2021 18:11:58.871 INFORMAÇÕES [main] org.apache.catalina.startup.VersionLoggerListener.log Command line argument: -Djava.util.logging.config.file=/home/fernandovgs/dev/studies/inter-java-bootcamp/course-11-springboot/apache-tomcat-9.0.43/conf/logging.properties
21-Feb-2021 18:11:58.871 INFORMAÇÕES [main] org.apache.catalina.startup.VersionLoggerListener.log Command line argument: -Djava.util.logging.manager=org.apache.juli.ClassLoaderLogManager
21-Feb-2021 18:11:58.871 INFORMAÇÕES [main] org.apache.catalina.startup.VersionLoggerListener.log Command line argument: -Djdk.tls.ephemeralDHKeySize=2048
21-Feb-2021 18:11:58.871 INFORMAÇÕES [main] org.apache.catalina.startup.VersionLoggerListener.log Command line argument: -Djava.protocol.handler.pkgs=org.apache.catalina.webresources
21-Feb-2021 18:11:58.871 INFORMAÇÕES [main] org.apache.catalina.startup.VersionLoggerListener.log Command line argument: -Dorg.apache.catalina.security.SecurityListener.UMASK=0027
21-Feb-2021 18:11:58.871 INFORMAÇÕES [main] org.apache.catalina.startup.VersionLoggerListener.log Command line argument: -Dignore.endorsed.dirs=
21-Feb-2021 18:11:58.871 INFORMAÇÕES [main] org.apache.catalina.startup.VersionLoggerListener.log Command line argument: -Dcatalina.base=/home/fernandovgs/dev/studies/inter-java-bootcamp/course-11-springboot/apache-tomcat-9.0.43
21-Feb-2021 18:11:58.871 INFORMAÇÕES [main] org.apache.catalina.startup.VersionLoggerListener.log Command line argument: -Dcatalina.home=/home/fernandovgs/dev/studies/inter-java-bootcamp/course-11-springboot/apache-tomcat-9.0.43
21-Feb-2021 18:11:58.871 INFORMAÇÕES [main] org.apache.catalina.startup.VersionLoggerListener.log Command line argument: -Djava.io.tmpdir=/home/fernandovgs/dev/studies/inter-java-bootcamp/course-11-springboot/apache-tomcat-9.0.43/temp
21-Feb-2021 18:11:58.873 INFORMAÇÕES [main] org.apache.catalina.core.AprLifecycleListener.lifecycleEvent The Apache Tomcat Native library which allows using OpenSSL was not found on the java.library.path: [/usr/java/packages/lib:/usr/lib64:/lib64:/lib:/usr/lib]
21-Feb-2021 18:11:59.131 INFORMAÇÕES [main] org.apache.coyote.AbstractProtocol.init Initializing ProtocolHandler ["http-nio-8080"]
21-Feb-2021 18:11:59.153 INFORMAÇÕES [main] org.apache.catalina.startup.Catalina.load Server initialization in [455] milliseconds
21-Feb-2021 18:11:59.193 INFORMAÇÕES [main] org.apache.catalina.core.StandardService.startInternal Starting service [Catalina]
21-Feb-2021 18:11:59.193 INFORMAÇÕES [main] org.apache.catalina.core.StandardEngine.startInternal Starting Servlet engine: [Apache Tomcat/9.0.43]
21-Feb-2021 18:11:59.204 INFORMAÇÕES [main] org.apache.catalina.startup.HostConfig.deployWAR Deploying web application archive [/home/fernandovgs/dev/studies/inter-java-bootcamp/course-11-springboot/apache-tomcat-9.0.43/webapps/course-11-springboot-0.0.1-SNAPSHOT.war]
21-Feb-2021 18:12:00.148 INFORMAÇÕES [main] org.apache.jasper.servlet.TldScanner.scanJars At least one JAR was scanned for TLDs yet contained no TLDs. Enable debug logging for this logger for a complete list of JARs that were scanned but no TLDs were found in them. Skipping unneeded JARs during scanning can improve startup time and JSP compilation time.
21-Feb-2021 18:12:00.230 INFORMAÇÕES [main] org.apache.catalina.startup.HostConfig.deployWAR Deployment of web application archive [/home/fernandovgs/dev/studies/inter-java-bootcamp/course-11-springboot/apache-tomcat-9.0.43/webapps/course-11-springboot-0.0.1-SNAPSHOT.war] has finished in [1.027] ms
21-Feb-2021 18:12:00.231 INFORMAÇÕES [main] org.apache.catalina.startup.HostConfig.deployDirectory Diretório de instalação da aplicação web [/home/fernandovgs/dev/studies/inter-java-bootcamp/course-11-springboot/apache-tomcat-9.0.43/webapps/manager]
21-Feb-2021 18:12:00.255 INFORMAÇÕES [main] org.apache.catalina.startup.HostConfig.deployDirectory Deployment of web application directory [/home/fernandovgs/dev/studies/inter-java-bootcamp/course-11-springboot/apache-tomcat-9.0.43/webapps/manager] has finished in [24] ms
21-Feb-2021 18:12:00.255 INFORMAÇÕES [main] org.apache.catalina.startup.HostConfig.deployDirectory Diretório de instalação da aplicação web [/home/fernandovgs/dev/studies/inter-java-bootcamp/course-11-springboot/apache-tomcat-9.0.43/webapps/host-manager]
21-Feb-2021 18:12:00.269 INFORMAÇÕES [main] org.apache.catalina.startup.HostConfig.deployDirectory Deployment of web application directory [/home/fernandovgs/dev/studies/inter-java-bootcamp/course-11-springboot/apache-tomcat-9.0.43/webapps/host-manager] has finished in [14] ms
21-Feb-2021 18:12:00.269 INFORMAÇÕES [main] org.apache.catalina.startup.HostConfig.deployDirectory Diretório de instalação da aplicação web [/home/fernandovgs/dev/studies/inter-java-bootcamp/course-11-springboot/apache-tomcat-9.0.43/webapps/examples]
21-Feb-2021 18:12:00.380 INFORMAÇÕES [main] org.apache.catalina.startup.HostConfig.deployDirectory Deployment of web application directory [/home/fernandovgs/dev/studies/inter-java-bootcamp/course-11-springboot/apache-tomcat-9.0.43/webapps/examples] has finished in [111] ms
21-Feb-2021 18:12:00.381 INFORMAÇÕES [main] org.apache.catalina.startup.HostConfig.deployDirectory Diretório de instalação da aplicação web [/home/fernandovgs/dev/studies/inter-java-bootcamp/course-11-springboot/apache-tomcat-9.0.43/webapps/docs]
21-Feb-2021 18:12:00.392 INFORMAÇÕES [main] org.apache.catalina.startup.HostConfig.deployDirectory Deployment of web application directory [/home/fernandovgs/dev/studies/inter-java-bootcamp/course-11-springboot/apache-tomcat-9.0.43/webapps/docs] has finished in [11] ms
21-Feb-2021 18:12:00.392 INFORMAÇÕES [main] org.apache.catalina.startup.HostConfig.deployDirectory Diretório de instalação da aplicação web [/home/fernandovgs/dev/studies/inter-java-bootcamp/course-11-springboot/apache-tomcat-9.0.43/webapps/ROOT]
21-Feb-2021 18:12:00.403 INFORMAÇÕES [main] org.apache.catalina.startup.HostConfig.deployDirectory Deployment of web application directory [/home/fernandovgs/dev/studies/inter-java-bootcamp/course-11-springboot/apache-tomcat-9.0.43/webapps/ROOT] has finished in [11] ms
21-Feb-2021 18:12:00.406 INFORMAÇÕES [main] org.apache.coyote.AbstractProtocol.start Starting ProtocolHandler ["http-nio-8080"]
21-Feb-2021 18:12:00.412 INFORMAÇÕES [main] org.apache.catalina.startup.Catalina.start Server startup in [1258] milliseconds
21-Feb-2021 18:12:21.687 INFORMAÇÕES [main] org.apache.catalina.core.StandardServer.await A valid shutdown command was received via the shutdown port. Stopping the Server instance.
21-Feb-2021 18:12:21.688 INFORMAÇÕES [main] org.apache.coyote.AbstractProtocol.pause Pausing ProtocolHandler ["http-nio-8080"]
21-Feb-2021 18:12:21.695 INFORMAÇÕES [main] org.apache.catalina.core.StandardService.stopInternal Stopping service [Catalina]
21-Feb-2021 18:12:21.737 INFORMAÇÕES [main] org.apache.coyote.AbstractProtocol.stop Stopping ProtocolHandler ["http-nio-8080"]
21-Feb-2021 18:12:21.746 INFORMAÇÕES [main] org.apache.coyote.AbstractProtocol.destroy Destroying ProtocolHandler ["http-nio-8080"]
NOTE: Picked up JDK_JAVA_OPTIONS:  --add-opens=java.base/java.lang=ALL-UNNAMED --add-opens=java.base/java.io=ALL-UNNAMED --add-opens=java.base/java.util=ALL-UNNAMED --add-opens=java.base/java.util.concurrent=ALL-UNNAMED --add-opens=java.rmi/sun.rmi.transport=ALL-UNNAMED
21-Feb-2021 18:13:52.406 INFORMAÇÕES [main] org.apache.catalina.startup.VersionLoggerListener.log Server version name:   Apache Tomcat/9.0.43
21-Feb-2021 18:13:52.409 INFORMAÇÕES [main] org.apache.catalina.startup.VersionLoggerListener.log Server built:          Jan 28 2021 20:25:45 UTC
21-Feb-2021 18:13:52.409 INFORMAÇÕES [main] org.apache.catalina.startup.VersionLoggerListener.log Server version number: 9.0.43.0
21-Feb-2021 18:13:52.409 INFORMAÇÕES [main] org.apache.catalina.startup.VersionLoggerListener.log OS Name:               Linux
21-Feb-2021 18:13:52.409 INFORMAÇÕES [main] org.apache.catalina.startup.VersionLoggerListener.log OS Version:            5.10.15-1-MANJARO
21-Feb-2021 18:13:52.409 INFORMAÇÕES [main] org.apache.catalina.startup.VersionLoggerListener.log Architecture:          amd64
21-Feb-2021 18:13:52.409 INFORMAÇÕES [main] org.apache.catalina.startup.VersionLoggerListener.log Java Home:             /usr/lib/jvm/java-11-openjdk
21-Feb-2021 18:13:52.409 INFORMAÇÕES [main] org.apache.catalina.startup.VersionLoggerListener.log JVM Version:           11.0.10+9
21-Feb-2021 18:13:52.409 INFORMAÇÕES [main] org.apache.catalina.startup.VersionLoggerListener.log JVM Vendor:            Oracle Corporation
21-Feb-2021 18:13:52.410 INFORMAÇÕES [main] org.apache.catalina.startup.VersionLoggerListener.log CATALINA_BASE:         /home/fernandovgs/dev/studies/inter-java-bootcamp/course-11-springboot/apache-tomcat-9.0.43
21-Feb-2021 18:13:52.410 INFORMAÇÕES [main] org.apache.catalina.startup.VersionLoggerListener.log CATALINA_HOME:         /home/fernandovgs/dev/studies/inter-java-bootcamp/course-11-springboot/apache-tomcat-9.0.43
21-Feb-2021 18:13:52.418 INFORMAÇÕES [main] org.apache.catalina.startup.VersionLoggerListener.log Command line argument: --add-opens=java.base/java.lang=ALL-UNNAMED
21-Feb-2021 18:13:52.418 INFORMAÇÕES [main] org.apache.catalina.startup.VersionLoggerListener.log Command line argument: --add-opens=java.base/java.io=ALL-UNNAMED
21-Feb-2021 18:13:52.418 INFORMAÇÕES [main] org.apache.catalina.startup.VersionLoggerListener.log Command line argument: --add-opens=java.base/java.util=ALL-UNNAMED
21-Feb-2021 18:13:52.418 INFORMAÇÕES [main] org.apache.catalina.startup.VersionLoggerListener.log Command line argument: --add-opens=java.base/java.util.concurrent=ALL-UNNAMED
21-Feb-2021 18:13:52.419 INFORMAÇÕES [main] org.apache.catalina.startup.VersionLoggerListener.log Command line argument: --add-opens=java.rmi/sun.rmi.transport=ALL-UNNAMED
21-Feb-2021 18:13:52.419 INFORMAÇÕES [main] org.apache.catalina.startup.VersionLoggerListener.log Command line argument: -Djava.util.logging.config.file=/home/fernandovgs/dev/studies/inter-java-bootcamp/course-11-springboot/apache-tomcat-9.0.43/conf/logging.properties
21-Feb-2021 18:13:52.419 INFORMAÇÕES [main] org.apache.catalina.startup.VersionLoggerListener.log Command line argument: -Djava.util.logging.manager=org.apache.juli.ClassLoaderLogManager
21-Feb-2021 18:13:52.419 INFORMAÇÕES [main] org.apache.catalina.startup.VersionLoggerListener.log Command line argument: -Djdk.tls.ephemeralDHKeySize=2048
21-Feb-2021 18:13:52.419 INFORMAÇÕES [main] org.apache.catalina.startup.VersionLoggerListener.log Command line argument: -Djava.protocol.handler.pkgs=org.apache.catalina.webresources
21-Feb-2021 18:13:52.419 INFORMAÇÕES [main] org.apache.catalina.startup.VersionLoggerListener.log Command line argument: -Dorg.apache.catalina.security.SecurityListener.UMASK=0027
21-Feb-2021 18:13:52.419 INFORMAÇÕES [main] org.apache.catalina.startup.VersionLoggerListener.log Command line argument: -Dignore.endorsed.dirs=
21-Feb-2021 18:13:52.419 INFORMAÇÕES [main] org.apache.catalina.startup.VersionLoggerListener.log Command line argument: -Dcatalina.base=/home/fernandovgs/dev/studies/inter-java-bootcamp/course-11-springboot/apache-tomcat-9.0.43
21-Feb-2021 18:13:52.419 INFORMAÇÕES [main] org.apache.catalina.startup.VersionLoggerListener.log Command line argument: -Dcatalina.home=/home/fernandovgs/dev/studies/inter-java-bootcamp/course-11-springboot/apache-tomcat-9.0.43
21-Feb-2021 18:13:52.420 INFORMAÇÕES [main] org.apache.catalina.startup.VersionLoggerListener.log Command line argument: -Djava.io.tmpdir=/home/fernandovgs/dev/studies/inter-java-bootcamp/course-11-springboot/apache-tomcat-9.0.43/temp
21-Feb-2021 18:13:52.421 INFORMAÇÕES [main] org.apache.catalina.core.AprLifecycleListener.lifecycleEvent The Apache Tomcat Native library which allows using OpenSSL was not found on the java.library.path: [/usr/java/packages/lib:/usr/lib64:/lib64:/lib:/usr/lib]
21-Feb-2021 18:13:52.670 INFORMAÇÕES [main] org.apache.coyote.AbstractProtocol.init Initializing ProtocolHandler ["http-nio-8080"]
21-Feb-2021 18:13:52.692 INFORMAÇÕES [main] org.apache.catalina.startup.Catalina.load Server initialization in [452] milliseconds
21-Feb-2021 18:13:52.733 INFORMAÇÕES [main] org.apache.catalina.core.StandardService.startInternal Starting service [Catalina]
21-Feb-2021 18:13:52.733 INFORMAÇÕES [main] org.apache.catalina.core.StandardEngine.startInternal Starting Servlet engine: [Apache Tomcat/9.0.43]
21-Feb-2021 18:13:52.744 INFORMAÇÕES [main] org.apache.catalina.startup.HostConfig.deployWAR Deploying web application archive [/home/fernandovgs/dev/studies/inter-java-bootcamp/course-11-springboot/apache-tomcat-9.0.43/webapps/course-11-springboot-0.0.1-SNAPSHOT.war]
21-Feb-2021 18:13:53.728 INFORMAÇÕES [main] org.apache.jasper.servlet.TldScanner.scanJars At least one JAR was scanned for TLDs yet contained no TLDs. Enable debug logging for this logger for a complete list of JARs that were scanned but no TLDs were found in them. Skipping unneeded JARs during scanning can improve startup time and JSP compilation time.
21-Feb-2021 18:13:53.807 INFORMAÇÕES [main] org.apache.catalina.startup.HostConfig.deployWAR Deployment of web application archive [/home/fernandovgs/dev/studies/inter-java-bootcamp/course-11-springboot/apache-tomcat-9.0.43/webapps/course-11-springboot-0.0.1-SNAPSHOT.war] has finished in [1.063] ms
21-Feb-2021 18:13:53.807 INFORMAÇÕES [main] org.apache.catalina.startup.HostConfig.deployDirectory Diretório de instalação da aplicação web [/home/fernandovgs/dev/studies/inter-java-bootcamp/course-11-springboot/apache-tomcat-9.0.43/webapps/manager]
21-Feb-2021 18:13:53.830 INFORMAÇÕES [main] org.apache.catalina.startup.HostConfig.deployDirectory Deployment of web application directory [/home/fernandovgs/dev/studies/inter-java-bootcamp/course-11-springboot/apache-tomcat-9.0.43/webapps/manager] has finished in [23] ms
21-Feb-2021 18:13:53.831 INFORMAÇÕES [main] org.apache.catalina.startup.HostConfig.deployDirectory Diretório de instalação da aplicação web [/home/fernandovgs/dev/studies/inter-java-bootcamp/course-11-springboot/apache-tomcat-9.0.43/webapps/host-manager]
21-Feb-2021 18:13:53.845 INFORMAÇÕES [main] org.apache.catalina.startup.HostConfig.deployDirectory Deployment of web application directory [/home/fernandovgs/dev/studies/inter-java-bootcamp/course-11-springboot/apache-tomcat-9.0.43/webapps/host-manager] has finished in [14] ms
21-Feb-2021 18:13:53.845 INFORMAÇÕES [main] org.apache.catalina.startup.HostConfig.deployDirectory Diretório de instalação da aplicação web [/home/fernandovgs/dev/studies/inter-java-bootcamp/course-11-springboot/apache-tomcat-9.0.43/webapps/examples]
21-Feb-2021 18:13:53.948 INFORMAÇÕES [main] org.apache.catalina.startup.HostConfig.deployDirectory Deployment of web application directory [/home/fernandovgs/dev/studies/inter-java-bootcamp/course-11-springboot/apache-tomcat-9.0.43/webapps/examples] has finished in [103] ms
21-Feb-2021 18:13:53.948 INFORMAÇÕES [main] org.apache.catalina.startup.HostConfig.deployDirectory Diretório de instalação da aplicação web [/home/fernandovgs/dev/studies/inter-java-bootcamp/course-11-springboot/apache-tomcat-9.0.43/webapps/docs]
21-Feb-2021 18:13:53.959 INFORMAÇÕES [main] org.apache.catalina.startup.HostConfig.deployDirectory Deployment of web application directory [/home/fernandovgs/dev/studies/inter-java-bootcamp/course-11-springboot/apache-tomcat-9.0.43/webapps/docs] has finished in [11] ms
21-Feb-2021 18:13:53.959 INFORMAÇÕES [main] org.apache.catalina.startup.HostConfig.deployDirectory Diretório de instalação da aplicação web [/home/fernandovgs/dev/studies/inter-java-bootcamp/course-11-springboot/apache-tomcat-9.0.43/webapps/ROOT]
21-Feb-2021 18:13:53.969 INFORMAÇÕES [main] org.apache.catalina.startup.HostConfig.deployDirectory Deployment of web application directory [/home/fernandovgs/dev/studies/inter-java-bootcamp/course-11-springboot/apache-tomcat-9.0.43/webapps/ROOT] has finished in [10] ms
21-Feb-2021 18:13:53.972 INFORMAÇÕES [main] org.apache.coyote.AbstractProtocol.start Starting ProtocolHandler ["http-nio-8080"]
21-Feb-2021 18:13:53.978 INFORMAÇÕES [main] org.apache.catalina.startup.Catalina.start Server startup in [1285] milliseconds
21-Feb-2021 18:15:01.825 INFORMAÇÕES [http-nio-8080-exec-6] org.apache.catalina.startup.HostConfig.undeploy Undeploying context [/course-11-springboot-0.0.1-SNAPSHOT]
21-Feb-2021 18:16:14.907 INFORMAÇÕES [main] org.apache.catalina.core.StandardServer.await A valid shutdown command was received via the shutdown port. Stopping the Server instance.
21-Feb-2021 18:16:14.908 INFORMAÇÕES [main] org.apache.coyote.AbstractProtocol.pause Pausing ProtocolHandler ["http-nio-8080"]
21-Feb-2021 18:16:14.915 INFORMAÇÕES [main] org.apache.catalina.core.StandardService.stopInternal Stopping service [Catalina]
21-Feb-2021 18:16:14.950 INFORMAÇÕES [main] org.apache.coyote.AbstractProtocol.stop Stopping ProtocolHandler ["http-nio-8080"]
21-Feb-2021 18:16:14.964 INFORMAÇÕES [main] org.apache.coyote.AbstractProtocol.destroy Destroying ProtocolHandler ["http-nio-8080"]
NOTE: Picked up JDK_JAVA_OPTIONS:  --add-opens=java.base/java.lang=ALL-UNNAMED --add-opens=java.base/java.io=ALL-UNNAMED --add-opens=java.base/java.util=ALL-UNNAMED --add-opens=java.base/java.util.concurrent=ALL-UNNAMED --add-opens=java.rmi/sun.rmi.transport=ALL-UNNAMED
21-Feb-2021 18:16:20.055 INFORMAÇÕES [main] org.apache.catalina.startup.VersionLoggerListener.log Server version name:   Apache Tomcat/9.0.43
21-Feb-2021 18:16:20.058 INFORMAÇÕES [main] org.apache.catalina.startup.VersionLoggerListener.log Server built:          Jan 28 2021 20:25:45 UTC
21-Feb-2021 18:16:20.058 INFORMAÇÕES [main] org.apache.catalina.startup.VersionLoggerListener.log Server version number: 9.0.43.0
21-Feb-2021 18:16:20.058 INFORMAÇÕES [main] org.apache.catalina.startup.VersionLoggerListener.log OS Name:               Linux
21-Feb-2021 18:16:20.058 INFORMAÇÕES [main] org.apache.catalina.startup.VersionLoggerListener.log OS Version:            5.10.15-1-MANJARO
21-Feb-2021 18:16:20.058 INFORMAÇÕES [main] org.apache.catalina.startup.VersionLoggerListener.log Architecture:          amd64
21-Feb-2021 18:16:20.058 INFORMAÇÕES [main] org.apache.catalina.startup.VersionLoggerListener.log Java Home:             /usr/lib/jvm/java-11-openjdk
21-Feb-2021 18:16:20.058 INFORMAÇÕES [main] org.apache.catalina.startup.VersionLoggerListener.log JVM Version:           11.0.10+9
21-Feb-2021 18:16:20.058 INFORMAÇÕES [main] org.apache.catalina.startup.VersionLoggerListener.log JVM Vendor:            Oracle Corporation
21-Feb-2021 18:16:20.059 INFORMAÇÕES [main] org.apache.catalina.startup.VersionLoggerListener.log CATALINA_BASE:         /home/fernandovgs/dev/studies/inter-java-bootcamp/course-11-springboot/apache-tomcat-9.0.43
21-Feb-2021 18:16:20.059 INFORMAÇÕES [main] org.apache.catalina.startup.VersionLoggerListener.log CATALINA_HOME:         /home/fernandovgs/dev/studies/inter-java-bootcamp/course-11-springboot/apache-tomcat-9.0.43
21-Feb-2021 18:16:20.068 INFORMAÇÕES [main] org.apache.catalina.startup.VersionLoggerListener.log Command line argument: --add-opens=java.base/java.lang=ALL-UNNAMED
21-Feb-2021 18:16:20.068 INFORMAÇÕES [main] org.apache.catalina.startup.VersionLoggerListener.log Command line argument: --add-opens=java.base/java.io=ALL-UNNAMED
21-Feb-2021 18:16:20.068 INFORMAÇÕES [main] org.apache.catalina.startup.VersionLoggerListener.log Command line argument: --add-opens=java.base/java.util=ALL-UNNAMED
21-Feb-2021 18:16:20.068 INFORMAÇÕES [main] org.apache.catalina.startup.VersionLoggerListener.log Command line argument: --add-opens=java.base/java.util.concurrent=ALL-UNNAMED
21-Feb-2021 18:16:20.068 INFORMAÇÕES [main] org.apache.catalina.startup.VersionLoggerListener.log Command line argument: --add-opens=java.rmi/sun.rmi.transport=ALL-UNNAMED
21-Feb-2021 18:16:20.068 INFORMAÇÕES [main] org.apache.catalina.startup.VersionLoggerListener.log Command line argument: -Djava.util.logging.config.file=/home/fernandovgs/dev/studies/inter-java-bootcamp/course-11-springboot/apache-tomcat-9.0.43/conf/logging.properties
21-Feb-2021 18:16:20.068 INFORMAÇÕES [main] org.apache.catalina.startup.VersionLoggerListener.log Command line argument: -Djava.util.logging.manager=org.apache.juli.ClassLoaderLogManager
21-Feb-2021 18:16:20.068 INFORMAÇÕES [main] org.apache.catalina.startup.VersionLoggerListener.log Command line argument: -Djdk.tls.ephemeralDHKeySize=2048
21-Feb-2021 18:16:20.068 INFORMAÇÕES [main] org.apache.catalina.startup.VersionLoggerListener.log Command line argument: -Djava.protocol.handler.pkgs=org.apache.catalina.webresources
21-Feb-2021 18:16:20.069 INFORMAÇÕES [main] org.apache.catalina.startup.VersionLoggerListener.log Command line argument: -Dorg.apache.catalina.security.SecurityListener.UMASK=0027
21-Feb-2021 18:16:20.069 INFORMAÇÕES [main] org.apache.catalina.startup.VersionLoggerListener.log Command line argument: -Dignore.endorsed.dirs=
21-Feb-2021 18:16:20.069 INFORMAÇÕES [main] org.apache.catalina.startup.VersionLoggerListener.log Command line argument: -Dcatalina.base=/home/fernandovgs/dev/studies/inter-java-bootcamp/course-11-springboot/apache-tomcat-9.0.43
21-Feb-2021 18:16:20.069 INFORMAÇÕES [main] org.apache.catalina.startup.VersionLoggerListener.log Command line argument: -Dcatalina.home=/home/fernandovgs/dev/studies/inter-java-bootcamp/course-11-springboot/apache-tomcat-9.0.43
21-Feb-2021 18:16:20.069 INFORMAÇÕES [main] org.apache.catalina.startup.VersionLoggerListener.log Command line argument: -Djava.io.tmpdir=/home/fernandovgs/dev/studies/inter-java-bootcamp/course-11-springboot/apache-tomcat-9.0.43/temp
21-Feb-2021 18:16:20.070 INFORMAÇÕES [main] org.apache.catalina.core.AprLifecycleListener.lifecycleEvent The Apache Tomcat Native library which allows using OpenSSL was not found on the java.library.path: [/usr/java/packages/lib:/usr/lib64:/lib64:/lib:/usr/lib]
21-Feb-2021 18:16:20.330 INFORMAÇÕES [main] org.apache.coyote.AbstractProtocol.init Initializing ProtocolHandler ["http-nio-8080"]
21-Feb-2021 18:16:20.352 INFORMAÇÕES [main] org.apache.catalina.startup.Catalina.load Server initialization in [458] milliseconds
21-Feb-2021 18:16:20.391 INFORMAÇÕES [main] org.apache.catalina.core.StandardService.startInternal Starting service [Catalina]
21-Feb-2021 18:16:20.391 INFORMAÇÕES [main] org.apache.catalina.core.StandardEngine.startInternal Starting Servlet engine: [Apache Tomcat/9.0.43]
21-Feb-2021 18:16:20.396 INFORMAÇÕES [main] org.apache.catalina.startup.HostConfig.deployDirectory Diretório de instalação da aplicação web [/home/fernandovgs/dev/studies/inter-java-bootcamp/course-11-springboot/apache-tomcat-9.0.43/webapps/manager]
21-Feb-2021 18:16:20.615 INFORMAÇÕES [main] org.apache.catalina.startup.HostConfig.deployDirectory Deployment of web application directory [/home/fernandovgs/dev/studies/inter-java-bootcamp/course-11-springboot/apache-tomcat-9.0.43/webapps/manager] has finished in [218] ms
21-Feb-2021 18:16:20.616 INFORMAÇÕES [main] org.apache.catalina.startup.HostConfig.deployDirectory Diretório de instalação da aplicação web [/home/fernandovgs/dev/studies/inter-java-bootcamp/course-11-springboot/apache-tomcat-9.0.43/webapps/host-manager]
21-Feb-2021 18:16:20.632 INFORMAÇÕES [main] org.apache.catalina.startup.HostConfig.deployDirectory Deployment of web application directory [/home/fernandovgs/dev/studies/inter-java-bootcamp/course-11-springboot/apache-tomcat-9.0.43/webapps/host-manager] has finished in [16] ms
21-Feb-2021 18:16:20.632 INFORMAÇÕES [main] org.apache.catalina.startup.HostConfig.deployDirectory Diretório de instalação da aplicação web [/home/fernandovgs/dev/studies/inter-java-bootcamp/course-11-springboot/apache-tomcat-9.0.43/webapps/examples]
21-Feb-2021 18:16:20.782 INFORMAÇÕES [main] org.apache.catalina.startup.HostConfig.deployDirectory Deployment of web application directory [/home/fernandovgs/dev/studies/inter-java-bootcamp/course-11-springboot/apache-tomcat-9.0.43/webapps/examples] has finished in [150] ms
21-Feb-2021 18:16:20.782 INFORMAÇÕES [main] org.apache.catalina.startup.HostConfig.deployDirectory Diretório de instalação da aplicação web [/home/fernandovgs/dev/studies/inter-java-bootcamp/course-11-springboot/apache-tomcat-9.0.43/webapps/docs]
21-Feb-2021 18:16:20.795 INFORMAÇÕES [main] org.apache.catalina.startup.HostConfig.deployDirectory Deployment of web application directory [/home/fernandovgs/dev/studies/inter-java-bootcamp/course-11-springboot/apache-tomcat-9.0.43/webapps/docs] has finished in [12] ms
21-Feb-2021 18:16:20.795 INFORMAÇÕES [main] org.apache.catalina.startup.HostConfig.deployDirectory Diretório de instalação da aplicação web [/home/fernandovgs/dev/studies/inter-java-bootcamp/course-11-springboot/apache-tomcat-9.0.43/webapps/ROOT]
21-Feb-2021 18:16:20.806 INFORMAÇÕES [main] org.apache.catalina.startup.HostConfig.deployDirectory Deployment of web application directory [/home/fernandovgs/dev/studies/inter-java-bootcamp/course-11-springboot/apache-tomcat-9.0.43/webapps/ROOT] has finished in [11] ms
21-Feb-2021 18:16:20.809 INFORMAÇÕES [main] org.apache.coyote.AbstractProtocol.start Starting ProtocolHandler ["http-nio-8080"]
21-Feb-2021 18:16:20.816 INFORMAÇÕES [main] org.apache.catalina.startup.Catalina.start Server startup in [463] milliseconds
21-Feb-2021 18:17:42.094 INFORMAÇÕES [http-nio-8080-exec-5] org.apache.catalina.startup.HostConfig.deployWAR Deploying web application archive [/home/fernandovgs/dev/studies/inter-java-bootcamp/course-11-springboot/apache-tomcat-9.0.43/webapps/course-11-springboot-0.0.1-SNAPSHOT.war]
21-Feb-2021 18:17:42.902 INFORMAÇÕES [http-nio-8080-exec-5] org.apache.jasper.servlet.TldScanner.scanJars At least one JAR was scanned for TLDs yet contained no TLDs. Enable debug logging for this logger for a complete list of JARs that were scanned but no TLDs were found in them. Skipping unneeded JARs during scanning can improve startup time and JSP compilation time.
21-Feb-2021 18:17:42.956 INFORMAÇÕES [http-nio-8080-exec-5] org.apache.catalina.startup.HostConfig.deployWAR Deployment of web application archive [/home/fernandovgs/dev/studies/inter-java-bootcamp/course-11-springboot/apache-tomcat-9.0.43/webapps/course-11-springboot-0.0.1-SNAPSHOT.war] has finished in [863] ms
21-Feb-2021 18:18:24.290 INFORMAÇÕES [http-nio-8080-exec-8] org.apache.catalina.startup.HostConfig.undeploy Undeploying context [/course-11-springboot-0.0.1-SNAPSHOT]
21-Feb-2021 18:18:28.319 INFORMAÇÕES [http-nio-8080-exec-10] org.apache.catalina.startup.HostConfig.deployWAR Deploying web application archive [/home/fernandovgs/dev/studies/inter-java-bootcamp/course-11-springboot/apache-tomcat-9.0.43/webapps/couse11.war]
21-Feb-2021 18:18:29.019 INFORMAÇÕES [http-nio-8080-exec-10] org.apache.jasper.servlet.TldScanner.scanJars At least one JAR was scanned for TLDs yet contained no TLDs. Enable debug logging for this logger for a complete list of JARs that were scanned but no TLDs were found in them. Skipping unneeded JARs during scanning can improve startup time and JSP compilation time.
21-Feb-2021 18:18:29.052 INFORMAÇÕES [http-nio-8080-exec-10] org.apache.catalina.startup.HostConfig.deployWAR Deployment of web application archive [/home/fernandovgs/dev/studies/inter-java-bootcamp/course-11-springboot/apache-tomcat-9.0.43/webapps/couse11.war] has finished in [733] ms
21-Feb-2021 18:26:12.903 INFORMAÇÕES [http-nio-8080-exec-15] org.apache.catalina.core.StandardContext.reload Reloading Context with name [/couse11] has started
21-Feb-2021 18:26:13.602 INFORMAÇÕES [http-nio-8080-exec-15] org.apache.jasper.servlet.TldScanner.scanJars At least one JAR was scanned for TLDs yet contained no TLDs. Enable debug logging for this logger for a complete list of JARs that were scanned but no TLDs were found in them. Skipping unneeded JARs during scanning can improve startup time and JSP compilation time.
21-Feb-2021 18:26:13.636 INFORMAÇÕES [http-nio-8080-exec-15] org.apache.catalina.core.StandardContext.reload Reloading Context with name [/couse11] is completed
21-Feb-2021 18:26:19.284 INFORMAÇÕES [http-nio-8080-exec-20] org.apache.catalina.startup.HostConfig.undeploy Undeploying context [/couse11]
21-Feb-2021 18:26:27.000 INFORMAÇÕES [http-nio-8080-exec-21] org.apache.catalina.startup.HostConfig.deployWAR Deploying web application archive [/home/fernandovgs/dev/studies/inter-java-bootcamp/course-11-springboot/apache-tomcat-9.0.43/webapps/course11.war]
21-Feb-2021 18:26:27.614 INFORMAÇÕES [http-nio-8080-exec-21] org.apache.jasper.servlet.TldScanner.scanJars At least one JAR was scanned for TLDs yet contained no TLDs. Enable debug logging for this logger for a complete list of JARs that were scanned but no TLDs were found in them. Skipping unneeded JARs during scanning can improve startup time and JSP compilation time.
21-Feb-2021 18:26:27.652 INFORMAÇÕES [http-nio-8080-exec-21] org.apache.catalina.startup.HostConfig.deployWAR Deployment of web application archive [/home/fernandovgs/dev/studies/inter-java-bootcamp/course-11-springboot/apache-tomcat-9.0.43/webapps/course11.war] has finished in [652] ms
21-Feb-2021 18:27:13.747 INFORMAÇÕES [http-nio-8080-exec-19] org.apache.catalina.startup.HostConfig.undeploy Undeploying context [/course11]
21-Feb-2021 18:27:18.425 INFORMAÇÕES [http-nio-8080-exec-22] org.apache.catalina.startup.HostConfig.deployWAR Deploying web application archive [/home/fernandovgs/dev/studies/inter-java-bootcamp/course-11-springboot/apache-tomcat-9.0.43/webapps/course-11-springboot.war]
21-Feb-2021 18:27:19.040 INFORMAÇÕES [http-nio-8080-exec-22] org.apache.jasper.servlet.TldScanner.scanJars At least one JAR was scanned for TLDs yet contained no TLDs. Enable debug logging for this logger for a complete list of JARs that were scanned but no TLDs were found in them. Skipping unneeded JARs during scanning can improve startup time and JSP compilation time.
21-Feb-2021 18:27:19.068 INFORMAÇÕES [http-nio-8080-exec-22] org.apache.catalina.startup.HostConfig.deployWAR Deployment of web application archive [/home/fernandovgs/dev/studies/inter-java-bootcamp/course-11-springboot/apache-tomcat-9.0.43/webapps/course-11-springboot.war] has finished in [643] ms
21-Feb-2021 18:29:10.937 INFORMAÇÕES [Catalina-utility-1] org.apache.catalina.startup.HostConfig.undeploy Undeploying context [/course-11-springboot]
21-Feb-2021 18:29:10.958 INFORMAÇÕES [Catalina-utility-1] org.apache.catalina.startup.HostConfig.deployWAR Deploying web application archive [/home/fernandovgs/dev/studies/inter-java-bootcamp/course-11-springboot/apache-tomcat-9.0.43/webapps/course-11-springboot.war]
21-Feb-2021 18:29:11.579 INFORMAÇÕES [Catalina-utility-1] org.apache.jasper.servlet.TldScanner.scanJars At least one JAR was scanned for TLDs yet contained no TLDs. Enable debug logging for this logger for a complete list of JARs that were scanned but no TLDs were found in them. Skipping unneeded JARs during scanning can improve startup time and JSP compilation time.
21-Feb-2021 18:29:11.606 INFORMAÇÕES [Catalina-utility-1] org.apache.catalina.startup.HostConfig.deployWAR Deployment of web application archive [/home/fernandovgs/dev/studies/inter-java-bootcamp/course-11-springboot/apache-tomcat-9.0.43/webapps/course-11-springboot.war] has finished in [648] ms
21-Feb-2021 18:29:25.167 INFORMAÇÕES [http-nio-8080-exec-24] org.apache.catalina.util.LifecycleBase.stop The stop() method was called on component [StandardEngine[Catalina].StandardHost[localhost].StandardContext[/course-11-springboot]] after stop() had already been called. The second call will be ignored.
21-Feb-2021 18:29:25.682 INFORMAÇÕES [http-nio-8080-exec-24] org.apache.catalina.startup.HostConfig.undeploy Undeploying context [/course-11-springboot]
21-Feb-2021 18:30:31.617 INFORMAÇÕES [Catalina-utility-1] org.apache.catalina.startup.HostConfig.deployWAR Deploying web application archive [/home/fernandovgs/dev/studies/inter-java-bootcamp/course-11-springboot/apache-tomcat-9.0.43/webapps/course-11-springboot.war]
21-Feb-2021 18:30:32.247 INFORMAÇÕES [Catalina-utility-1] org.apache.jasper.servlet.TldScanner.scanJars At least one JAR was scanned for TLDs yet contained no TLDs. Enable debug logging for this logger for a complete list of JARs that were scanned but no TLDs were found in them. Skipping unneeded JARs during scanning can improve startup time and JSP compilation time.
21-Feb-2021 18:30:32.274 INFORMAÇÕES [Catalina-utility-1] org.apache.catalina.startup.HostConfig.deployWAR Deployment of web application archive [/home/fernandovgs/dev/studies/inter-java-bootcamp/course-11-springboot/apache-tomcat-9.0.43/webapps/course-11-springboot.war] has finished in [657] ms
21-Feb-2021 18:30:50.922 INFORMAÇÕES [http-nio-8080-exec-25] org.apache.jasper.servlet.TldScanner.scanJars At least one JAR was scanned for TLDs yet contained no TLDs. Enable debug logging for this logger for a complete list of JARs that were scanned but no TLDs were found in them. Skipping unneeded JARs during scanning can improve startup time and JSP compilation time.
21-Feb-2021 18:31:29.052 INFORMAÇÕES [http-nio-8080-exec-37] org.apache.jasper.servlet.TldScanner.scanJars At least one JAR was scanned for TLDs yet contained no TLDs. Enable debug logging for this logger for a complete list of JARs that were scanned but no TLDs were found in them. Skipping unneeded JARs during scanning can improve startup time and JSP compilation time.
21-Feb-2021 18:32:41.479 INFORMAÇÕES [http-nio-8080-exec-34] org.apache.jasper.servlet.TldScanner.scanJars At least one JAR was scanned for TLDs yet contained no TLDs. Enable debug logging for this logger for a complete list of JARs that were scanned but no TLDs were found in them. Skipping unneeded JARs during scanning can improve startup time and JSP compilation time.
21-Feb-2021 18:33:01.911 INFORMAÇÕES [http-nio-8080-exec-48] org.apache.catalina.util.LifecycleBase.stop The stop() method was called on component [StandardEngine[Catalina].StandardHost[localhost].StandardContext[/course-11-springboot]] after stop() had already been called. The second call will be ignored.
21-Feb-2021 18:33:02.416 INFORMAÇÕES [http-nio-8080-exec-48] org.apache.catalina.startup.HostConfig.undeploy Undeploying context [/course-11-springboot]
NOTE: Picked up JDK_JAVA_OPTIONS:  --add-opens=java.base/java.lang=ALL-UNNAMED --add-opens=java.base/java.io=ALL-UNNAMED --add-opens=java.base/java.util=ALL-UNNAMED --add-opens=java.base/java.util.concurrent=ALL-UNNAMED --add-opens=java.rmi/sun.rmi.transport=ALL-UNNAMED
21-Feb-2021 18:33:34.788 INFORMAÇÕES [main] org.apache.catalina.startup.VersionLoggerListener.log Server version name:   Apache Tomcat/9.0.43
21-Feb-2021 18:33:34.791 INFORMAÇÕES [main] org.apache.catalina.startup.VersionLoggerListener.log Server built:          Jan 28 2021 20:25:45 UTC
21-Feb-2021 18:33:34.791 INFORMAÇÕES [main] org.apache.catalina.startup.VersionLoggerListener.log Server version number: 9.0.43.0
21-Feb-2021 18:33:34.791 INFORMAÇÕES [main] org.apache.catalina.startup.VersionLoggerListener.log OS Name:               Linux
21-Feb-2021 18:33:34.791 INFORMAÇÕES [main] org.apache.catalina.startup.VersionLoggerListener.log OS Version:            5.10.15-1-MANJARO
21-Feb-2021 18:33:34.791 INFORMAÇÕES [main] org.apache.catalina.startup.VersionLoggerListener.log Architecture:          amd64
21-Feb-2021 18:33:34.791 INFORMAÇÕES [main] org.apache.catalina.startup.VersionLoggerListener.log Java Home:             /usr/lib/jvm/java-11-openjdk
21-Feb-2021 18:33:34.791 INFORMAÇÕES [main] org.apache.catalina.startup.VersionLoggerListener.log JVM Version:           11.0.10+9
21-Feb-2021 18:33:34.791 INFORMAÇÕES [main] org.apache.catalina.startup.VersionLoggerListener.log JVM Vendor:            Oracle Corporation
21-Feb-2021 18:33:34.791 INFORMAÇÕES [main] org.apache.catalina.startup.VersionLoggerListener.log CATALINA_BASE:         /home/fernandovgs/dev/studies/inter-java-bootcamp/course-11-springboot/apache-tomcat-9.0.43
21-Feb-2021 18:33:34.792 INFORMAÇÕES [main] org.apache.catalina.startup.VersionLoggerListener.log CATALINA_HOME:         /home/fernandovgs/dev/studies/inter-java-bootcamp/course-11-springboot/apache-tomcat-9.0.43
21-Feb-2021 18:33:34.801 INFORMAÇÕES [main] org.apache.catalina.startup.VersionLoggerListener.log Command line argument: --add-opens=java.base/java.lang=ALL-UNNAMED
21-Feb-2021 18:33:34.801 INFORMAÇÕES [main] org.apache.catalina.startup.VersionLoggerListener.log Command line argument: --add-opens=java.base/java.io=ALL-UNNAMED
21-Feb-2021 18:33:34.801 INFORMAÇÕES [main] org.apache.catalina.startup.VersionLoggerListener.log Command line argument: --add-opens=java.base/java.util=ALL-UNNAMED
21-Feb-2021 18:33:34.801 INFORMAÇÕES [main] org.apache.catalina.startup.VersionLoggerListener.log Command line argument: --add-opens=java.base/java.util.concurrent=ALL-UNNAMED
21-Feb-2021 18:33:34.801 INFORMAÇÕES [main] org.apache.catalina.startup.VersionLoggerListener.log Command line argument: --add-opens=java.rmi/sun.rmi.transport=ALL-UNNAMED
21-Feb-2021 18:33:34.802 INFORMAÇÕES [main] org.apache.catalina.startup.VersionLoggerListener.log Command line argument: -Djava.util.logging.config.file=/home/fernandovgs/dev/studies/inter-java-bootcamp/course-11-springboot/apache-tomcat-9.0.43/conf/logging.properties
21-Feb-2021 18:33:34.802 INFORMAÇÕES [main] org.apache.catalina.startup.VersionLoggerListener.log Command line argument: -Djava.util.logging.manager=org.apache.juli.ClassLoaderLogManager
21-Feb-2021 18:33:34.802 INFORMAÇÕES [main] org.apache.catalina.startup.VersionLoggerListener.log Command line argument: -Djdk.tls.ephemeralDHKeySize=2048
21-Feb-2021 18:33:34.802 INFORMAÇÕES [main] org.apache.catalina.startup.VersionLoggerListener.log Command line argument: -Djava.protocol.handler.pkgs=org.apache.catalina.webresources
21-Feb-2021 18:33:34.802 INFORMAÇÕES [main] org.apache.catalina.startup.VersionLoggerListener.log Command line argument: -Dorg.apache.catalina.security.SecurityListener.UMASK=0027
21-Feb-2021 18:33:34.802 INFORMAÇÕES [main] org.apache.catalina.startup.VersionLoggerListener.log Command line argument: -Dignore.endorsed.dirs=
21-Feb-2021 18:33:34.802 INFORMAÇÕES [main] org.apache.catalina.startup.VersionLoggerListener.log Command line argument: -Dcatalina.base=/home/fernandovgs/dev/studies/inter-java-bootcamp/course-11-springboot/apache-tomcat-9.0.43
21-Feb-2021 18:33:34.802 INFORMAÇÕES [main] org.apache.catalina.startup.VersionLoggerListener.log Command line argument: -Dcatalina.home=/home/fernandovgs/dev/studies/inter-java-bootcamp/course-11-springboot/apache-tomcat-9.0.43
21-Feb-2021 18:33:34.802 INFORMAÇÕES [main] org.apache.catalina.startup.VersionLoggerListener.log Command line argument: -Djava.io.tmpdir=/home/fernandovgs/dev/studies/inter-java-bootcamp/course-11-springboot/apache-tomcat-9.0.43/temp
21-Feb-2021 18:33:34.804 INFORMAÇÕES [main] org.apache.catalina.core.AprLifecycleListener.lifecycleEvent The Apache Tomcat Native library which allows using OpenSSL was not found on the java.library.path: [/opt/gurobi910/linux64/lib:/usr/java/packages/lib:/usr/lib64:/lib64:/lib:/usr/lib]
21-Feb-2021 18:33:35.087 INFORMAÇÕES [main] org.apache.coyote.AbstractProtocol.init Initializing ProtocolHandler ["http-nio-8080"]
21-Feb-2021 18:33:35.101 GRAVE [main] org.apache.catalina.util.LifecycleBase.handleSubClassException Failed to initialize component [Connector[HTTP/1.1-8080]]
	org.apache.catalina.LifecycleException: Protocol handler initialization failed
		at org.apache.catalina.connector.Connector.initInternal(Connector.java:1049)
		at org.apache.catalina.util.LifecycleBase.init(LifecycleBase.java:136)
		at org.apache.catalina.core.StandardService.initInternal(StandardService.java:558)
		at org.apache.catalina.util.LifecycleBase.init(LifecycleBase.java:136)
		at org.apache.catalina.core.StandardServer.initInternal(StandardServer.java:1045)
		at org.apache.catalina.util.LifecycleBase.init(LifecycleBase.java:136)
		at org.apache.catalina.startup.Catalina.load(Catalina.java:724)
		at org.apache.catalina.startup.Catalina.load(Catalina.java:746)
		at java.base/jdk.internal.reflect.NativeMethodAccessorImpl.invoke0(Native Method)
		at java.base/jdk.internal.reflect.NativeMethodAccessorImpl.invoke(NativeMethodAccessorImpl.java:62)
		at java.base/jdk.internal.reflect.DelegatingMethodAccessorImpl.invoke(DelegatingMethodAccessorImpl.java:43)
		at java.base/java.lang.reflect.Method.invoke(Method.java:566)
		at org.apache.catalina.startup.Bootstrap.load(Bootstrap.java:302)
		at org.apache.catalina.startup.Bootstrap.main(Bootstrap.java:472)
	Caused by: java.net.BindException: Endereço já em uso
		at java.base/sun.nio.ch.Net.bind0(Native Method)
		at java.base/sun.nio.ch.Net.bind(Net.java:455)
		at java.base/sun.nio.ch.Net.bind(Net.java:447)
		at java.base/sun.nio.ch.ServerSocketChannelImpl.bind(ServerSocketChannelImpl.java:227)
		at org.apache.tomcat.util.net.NioEndpoint.initServerSocket(NioEndpoint.java:277)
		at org.apache.tomcat.util.net.NioEndpoint.bind(NioEndpoint.java:241)
		at org.apache.tomcat.util.net.AbstractEndpoint.bindWithCleanup(AbstractEndpoint.java:1193)
		at org.apache.tomcat.util.net.AbstractEndpoint.init(AbstractEndpoint.java:1206)
		at org.apache.coyote.AbstractProtocol.init(AbstractProtocol.java:597)
		at org.apache.coyote.http11.AbstractHttp11Protocol.init(AbstractHttp11Protocol.java:80)
		at org.apache.catalina.connector.Connector.initInternal(Connector.java:1046)
		... 13 more
21-Feb-2021 18:33:35.102 INFORMAÇÕES [main] org.apache.catalina.startup.Catalina.load Server initialization in [478] milliseconds
21-Feb-2021 18:33:35.142 INFORMAÇÕES [main] org.apache.catalina.core.StandardService.startInternal Starting service [Catalina]
21-Feb-2021 18:33:35.142 INFORMAÇÕES [main] org.apache.catalina.core.StandardEngine.startInternal Starting Servlet engine: [Apache Tomcat/9.0.43]
21-Feb-2021 18:33:35.147 INFORMAÇÕES [main] org.apache.catalina.startup.HostConfig.deployDirectory Diretório de instalação da aplicação web [/home/fernandovgs/dev/studies/inter-java-bootcamp/course-11-springboot/apache-tomcat-9.0.43/webapps/manager]
21-Feb-2021 18:33:35.389 INFORMAÇÕES [main] org.apache.catalina.startup.HostConfig.deployDirectory Deployment of web application directory [/home/fernandovgs/dev/studies/inter-java-bootcamp/course-11-springboot/apache-tomcat-9.0.43/webapps/manager] has finished in [240] ms
21-Feb-2021 18:33:35.389 INFORMAÇÕES [main] org.apache.catalina.startup.HostConfig.deployDirectory Diretório de instalação da aplicação web [/home/fernandovgs/dev/studies/inter-java-bootcamp/course-11-springboot/apache-tomcat-9.0.43/webapps/host-manager]
21-Feb-2021 18:33:35.407 INFORMAÇÕES [main] org.apache.catalina.startup.HostConfig.deployDirectory Deployment of web application directory [/home/fernandovgs/dev/studies/inter-java-bootcamp/course-11-springboot/apache-tomcat-9.0.43/webapps/host-manager] has finished in [18] ms
21-Feb-2021 18:33:35.407 INFORMAÇÕES [main] org.apache.catalina.startup.HostConfig.deployDirectory Diretório de instalação da aplicação web [/home/fernandovgs/dev/studies/inter-java-bootcamp/course-11-springboot/apache-tomcat-9.0.43/webapps/examples]
21-Feb-2021 18:33:35.571 INFORMAÇÕES [main] org.apache.catalina.startup.HostConfig.deployDirectory Deployment of web application directory [/home/fernandovgs/dev/studies/inter-java-bootcamp/course-11-springboot/apache-tomcat-9.0.43/webapps/examples] has finished in [164] ms
21-Feb-2021 18:33:35.571 INFORMAÇÕES [main] org.apache.catalina.startup.HostConfig.deployDirectory Diretório de instalação da aplicação web [/home/fernandovgs/dev/studies/inter-java-bootcamp/course-11-springboot/apache-tomcat-9.0.43/webapps/docs]
21-Feb-2021 18:33:35.584 INFORMAÇÕES [main] org.apache.catalina.startup.HostConfig.deployDirectory Deployment of web application directory [/home/fernandovgs/dev/studies/inter-java-bootcamp/course-11-springboot/apache-tomcat-9.0.43/webapps/docs] has finished in [13] ms
21-Feb-2021 18:33:35.584 INFORMAÇÕES [main] org.apache.catalina.startup.HostConfig.deployDirectory Diretório de instalação da aplicação web [/home/fernandovgs/dev/studies/inter-java-bootcamp/course-11-springboot/apache-tomcat-9.0.43/webapps/ROOT]
21-Feb-2021 18:33:35.599 INFORMAÇÕES [main] org.apache.catalina.startup.HostConfig.deployDirectory Deployment of web application directory [/home/fernandovgs/dev/studies/inter-java-bootcamp/course-11-springboot/apache-tomcat-9.0.43/webapps/ROOT] has finished in [15] ms
21-Feb-2021 18:33:35.603 INFORMAÇÕES [main] org.apache.catalina.startup.Catalina.start Server startup in [500] milliseconds
21-Feb-2021 18:33:35.605 GRAVE [main] org.apache.catalina.core.StandardServer.await Failed to create server shutdown socket on address [localhost] and port [8005] (base port [8005] and offset [0])
	java.net.BindException: Endereço já em uso (Bind failed)
		at java.base/java.net.PlainSocketImpl.socketBind(Native Method)
		at java.base/java.net.AbstractPlainSocketImpl.bind(AbstractPlainSocketImpl.java:436)
		at java.base/java.net.ServerSocket.bind(ServerSocket.java:395)
		at java.base/java.net.ServerSocket.<init>(ServerSocket.java:257)
		at org.apache.catalina.core.StandardServer.await(StandardServer.java:584)
		at org.apache.catalina.startup.Catalina.await(Catalina.java:864)
		at org.apache.catalina.startup.Catalina.start(Catalina.java:810)
		at java.base/jdk.internal.reflect.NativeMethodAccessorImpl.invoke0(Native Method)
		at java.base/jdk.internal.reflect.NativeMethodAccessorImpl.invoke(NativeMethodAccessorImpl.java:62)
		at java.base/jdk.internal.reflect.DelegatingMethodAccessorImpl.invoke(DelegatingMethodAccessorImpl.java:43)
		at java.base/java.lang.reflect.Method.invoke(Method.java:566)
		at org.apache.catalina.startup.Bootstrap.start(Bootstrap.java:342)
		at org.apache.catalina.startup.Bootstrap.main(Bootstrap.java:473)
21-Feb-2021 18:33:35.606 INFORMAÇÕES [main] org.apache.coyote.AbstractProtocol.pause Pausing ProtocolHandler ["http-nio-8080"]
21-Feb-2021 18:33:35.606 INFORMAÇÕES [main] org.apache.catalina.core.StandardService.stopInternal Stopping service [Catalina]
21-Feb-2021 18:33:35.622 INFORMAÇÕES [main] org.apache.coyote.AbstractProtocol.stop Stopping ProtocolHandler ["http-nio-8080"]
21-Feb-2021 18:33:35.623 INFORMAÇÕES [main] org.apache.coyote.AbstractProtocol.destroy Destroying ProtocolHandler ["http-nio-8080"]
21-Feb-2021 18:34:14.565 INFORMAÇÕES [http-nio-8080-exec-54] org.apache.catalina.startup.HostConfig.deployWAR Deploying web application archive [/home/fernandovgs/dev/studies/inter-java-bootcamp/course-11-springboot/apache-tomcat-9.0.43/webapps/course-11-springboot.war]
21-Feb-2021 18:34:15.141 INFORMAÇÕES [http-nio-8080-exec-54] org.apache.jasper.servlet.TldScanner.scanJars At least one JAR was scanned for TLDs yet contained no TLDs. Enable debug logging for this logger for a complete list of JARs that were scanned but no TLDs were found in them. Skipping unneeded JARs during scanning can improve startup time and JSP compilation time.
21-Feb-2021 18:34:15.168 INFORMAÇÕES [http-nio-8080-exec-54] org.apache.catalina.startup.HostConfig.deployWAR Deployment of web application archive [/home/fernandovgs/dev/studies/inter-java-bootcamp/course-11-springboot/apache-tomcat-9.0.43/webapps/course-11-springboot.war] has finished in [603] ms
21-Feb-2021 18:35:12.870 INFORMAÇÕES [main] org.apache.catalina.core.StandardServer.await A valid shutdown command was received via the shutdown port. Stopping the Server instance.
21-Feb-2021 18:35:12.871 INFORMAÇÕES [main] org.apache.coyote.AbstractProtocol.pause Pausing ProtocolHandler ["http-nio-8080"]
21-Feb-2021 18:35:12.877 INFORMAÇÕES [main] org.apache.catalina.core.StandardService.stopInternal Stopping service [Catalina]
21-Feb-2021 18:35:12.891 INFORMAÇÕES [main] org.apache.coyote.AbstractProtocol.stop Stopping ProtocolHandler ["http-nio-8080"]
21-Feb-2021 18:35:12.928 INFORMAÇÕES [main] org.apache.coyote.AbstractProtocol.destroy Destroying ProtocolHandler ["http-nio-8080"]
NOTE: Picked up JDK_JAVA_OPTIONS:  --add-opens=java.base/java.lang=ALL-UNNAMED --add-opens=java.base/java.io=ALL-UNNAMED --add-opens=java.base/java.util=ALL-UNNAMED --add-opens=java.base/java.util.concurrent=ALL-UNNAMED --add-opens=java.rmi/sun.rmi.transport=ALL-UNNAMED
21-Feb-2021 18:36:13.874 INFORMAÇÕES [main] org.apache.catalina.startup.VersionLoggerListener.log Server version name:   Apache Tomcat/9.0.43
21-Feb-2021 18:36:13.877 INFORMAÇÕES [main] org.apache.catalina.startup.VersionLoggerListener.log Server built:          Jan 28 2021 20:25:45 UTC
21-Feb-2021 18:36:13.878 INFORMAÇÕES [main] org.apache.catalina.startup.VersionLoggerListener.log Server version number: 9.0.43.0
21-Feb-2021 18:36:13.878 INFORMAÇÕES [main] org.apache.catalina.startup.VersionLoggerListener.log OS Name:               Linux
21-Feb-2021 18:36:13.878 INFORMAÇÕES [main] org.apache.catalina.startup.VersionLoggerListener.log OS Version:            5.10.15-1-MANJARO
21-Feb-2021 18:36:13.878 INFORMAÇÕES [main] org.apache.catalina.startup.VersionLoggerListener.log Architecture:          amd64
21-Feb-2021 18:36:13.878 INFORMAÇÕES [main] org.apache.catalina.startup.VersionLoggerListener.log Java Home:             /usr/lib/jvm/java-11-openjdk
21-Feb-2021 18:36:13.878 INFORMAÇÕES [main] org.apache.catalina.startup.VersionLoggerListener.log JVM Version:           11.0.10+9
21-Feb-2021 18:36:13.878 INFORMAÇÕES [main] org.apache.catalina.startup.VersionLoggerListener.log JVM Vendor:            Oracle Corporation
21-Feb-2021 18:36:13.879 INFORMAÇÕES [main] org.apache.catalina.startup.VersionLoggerListener.log CATALINA_BASE:         /home/fernandovgs/dev/studies/inter-java-bootcamp/course-11-springboot/apache-tomcat-9.0.43
21-Feb-2021 18:36:13.879 INFORMAÇÕES [main] org.apache.catalina.startup.VersionLoggerListener.log CATALINA_HOME:         /home/fernandovgs/dev/studies/inter-java-bootcamp/course-11-springboot/apache-tomcat-9.0.43
21-Feb-2021 18:36:13.890 INFORMAÇÕES [main] org.apache.catalina.startup.VersionLoggerListener.log Command line argument: --add-opens=java.base/java.lang=ALL-UNNAMED
21-Feb-2021 18:36:13.890 INFORMAÇÕES [main] org.apache.catalina.startup.VersionLoggerListener.log Command line argument: --add-opens=java.base/java.io=ALL-UNNAMED
21-Feb-2021 18:36:13.890 INFORMAÇÕES [main] org.apache.catalina.startup.VersionLoggerListener.log Command line argument: --add-opens=java.base/java.util=ALL-UNNAMED
21-Feb-2021 18:36:13.890 INFORMAÇÕES [main] org.apache.catalina.startup.VersionLoggerListener.log Command line argument: --add-opens=java.base/java.util.concurrent=ALL-UNNAMED
21-Feb-2021 18:36:13.890 INFORMAÇÕES [main] org.apache.catalina.startup.VersionLoggerListener.log Command line argument: --add-opens=java.rmi/sun.rmi.transport=ALL-UNNAMED
21-Feb-2021 18:36:13.890 INFORMAÇÕES [main] org.apache.catalina.startup.VersionLoggerListener.log Command line argument: -Djava.util.logging.config.file=/home/fernandovgs/dev/studies/inter-java-bootcamp/course-11-springboot/apache-tomcat-9.0.43/conf/logging.properties
21-Feb-2021 18:36:13.890 INFORMAÇÕES [main] org.apache.catalina.startup.VersionLoggerListener.log Command line argument: -Djava.util.logging.manager=org.apache.juli.ClassLoaderLogManager
21-Feb-2021 18:36:13.891 INFORMAÇÕES [main] org.apache.catalina.startup.VersionLoggerListener.log Command line argument: -Djdk.tls.ephemeralDHKeySize=2048
21-Feb-2021 18:36:13.891 INFORMAÇÕES [main] org.apache.catalina.startup.VersionLoggerListener.log Command line argument: -Djava.protocol.handler.pkgs=org.apache.catalina.webresources
21-Feb-2021 18:36:13.891 INFORMAÇÕES [main] org.apache.catalina.startup.VersionLoggerListener.log Command line argument: -Dorg.apache.catalina.security.SecurityListener.UMASK=0027
21-Feb-2021 18:36:13.891 INFORMAÇÕES [main] org.apache.catalina.startup.VersionLoggerListener.log Command line argument: -Dignore.endorsed.dirs=
21-Feb-2021 18:36:13.891 INFORMAÇÕES [main] org.apache.catalina.startup.VersionLoggerListener.log Command line argument: -Dcatalina.base=/home/fernandovgs/dev/studies/inter-java-bootcamp/course-11-springboot/apache-tomcat-9.0.43
21-Feb-2021 18:36:13.891 INFORMAÇÕES [main] org.apache.catalina.startup.VersionLoggerListener.log Command line argument: -Dcatalina.home=/home/fernandovgs/dev/studies/inter-java-bootcamp/course-11-springboot/apache-tomcat-9.0.43
21-Feb-2021 18:36:13.891 INFORMAÇÕES [main] org.apache.catalina.startup.VersionLoggerListener.log Command line argument: -Djava.io.tmpdir=/home/fernandovgs/dev/studies/inter-java-bootcamp/course-11-springboot/apache-tomcat-9.0.43/temp
21-Feb-2021 18:36:13.892 INFORMAÇÕES [main] org.apache.catalina.core.AprLifecycleListener.lifecycleEvent The Apache Tomcat Native library which allows using OpenSSL was not found on the java.library.path: [/opt/gurobi910/linux64/lib:/usr/java/packages/lib:/usr/lib64:/lib64:/lib:/usr/lib]
21-Feb-2021 18:36:14.182 INFORMAÇÕES [main] org.apache.coyote.AbstractProtocol.init Initializing ProtocolHandler ["http-nio-8080"]
21-Feb-2021 18:36:14.205 INFORMAÇÕES [main] org.apache.catalina.startup.Catalina.load Server initialization in [498] milliseconds
21-Feb-2021 18:36:14.247 INFORMAÇÕES [main] org.apache.catalina.core.StandardService.startInternal Starting service [Catalina]
21-Feb-2021 18:36:14.247 INFORMAÇÕES [main] org.apache.catalina.core.StandardEngine.startInternal Starting Servlet engine: [Apache Tomcat/9.0.43]
21-Feb-2021 18:36:14.259 INFORMAÇÕES [main] org.apache.catalina.startup.HostConfig.deployWAR Deploying web application archive [/home/fernandovgs/dev/studies/inter-java-bootcamp/course-11-springboot/apache-tomcat-9.0.43/webapps/course-11-springboot.war]
21-Feb-2021 18:36:14.274 INFORMAÇÕES [main] org.apache.catalina.startup.ExpandWar.expand An expanded directory [/home/fernandovgs/dev/studies/inter-java-bootcamp/course-11-springboot/apache-tomcat-9.0.43/webapps/course-11-springboot] was found with a last modified time that did not match the associated WAR. It will be deleted.
21-Feb-2021 18:36:15.220 INFORMAÇÕES [main] org.apache.jasper.servlet.TldScanner.scanJars At least one JAR was scanned for TLDs yet contained no TLDs. Enable debug logging for this logger for a complete list of JARs that were scanned but no TLDs were found in them. Skipping unneeded JARs during scanning can improve startup time and JSP compilation time.
21-Feb-2021 18:36:15.307 GRAVE [main] org.apache.jasper.EmbeddedServletOptions.<init> The scratchDir you specified: [/home/fernandovgs/dev/studies/inter-java-bootcamp/course-11-springboot/apache-tomcat-9.0.43/work/Catalina/localhost/course-11-springboot] is unusable.
21-Feb-2021 18:36:15.314 INFORMAÇÕES [main] org.apache.catalina.startup.HostConfig.deployWAR Deployment of web application archive [/home/fernandovgs/dev/studies/inter-java-bootcamp/course-11-springboot/apache-tomcat-9.0.43/webapps/course-11-springboot.war] has finished in [1.054] ms
21-Feb-2021 18:36:15.314 INFORMAÇÕES [main] org.apache.catalina.startup.HostConfig.deployDirectory Diretório de instalação da aplicação web [/home/fernandovgs/dev/studies/inter-java-bootcamp/course-11-springboot/apache-tomcat-9.0.43/webapps/manager]
21-Feb-2021 18:36:15.349 INFORMAÇÕES [main] org.apache.catalina.startup.HostConfig.deployDirectory Deployment of web application directory [/home/fernandovgs/dev/studies/inter-java-bootcamp/course-11-springboot/apache-tomcat-9.0.43/webapps/manager] has finished in [35] ms
21-Feb-2021 18:36:15.349 INFORMAÇÕES [main] org.apache.catalina.startup.HostConfig.deployDirectory Diretório de instalação da aplicação web [/home/fernandovgs/dev/studies/inter-java-bootcamp/course-11-springboot/apache-tomcat-9.0.43/webapps/host-manager]
21-Feb-2021 18:36:15.367 INFORMAÇÕES [main] org.apache.catalina.startup.HostConfig.deployDirectory Deployment of web application directory [/home/fernandovgs/dev/studies/inter-java-bootcamp/course-11-springboot/apache-tomcat-9.0.43/webapps/host-manager] has finished in [18] ms
21-Feb-2021 18:36:15.368 INFORMAÇÕES [main] org.apache.catalina.startup.HostConfig.deployDirectory Diretório de instalação da aplicação web [/home/fernandovgs/dev/studies/inter-java-bootcamp/course-11-springboot/apache-tomcat-9.0.43/webapps/examples]
21-Feb-2021 18:36:15.503 INFORMAÇÕES [main] org.apache.catalina.startup.HostConfig.deployDirectory Deployment of web application directory [/home/fernandovgs/dev/studies/inter-java-bootcamp/course-11-springboot/apache-tomcat-9.0.43/webapps/examples] has finished in [135] ms
21-Feb-2021 18:36:15.503 INFORMAÇÕES [main] org.apache.catalina.startup.HostConfig.deployDirectory Diretório de instalação da aplicação web [/home/fernandovgs/dev/studies/inter-java-bootcamp/course-11-springboot/apache-tomcat-9.0.43/webapps/docs]
21-Feb-2021 18:36:15.515 INFORMAÇÕES [main] org.apache.catalina.startup.HostConfig.deployDirectory Deployment of web application directory [/home/fernandovgs/dev/studies/inter-java-bootcamp/course-11-springboot/apache-tomcat-9.0.43/webapps/docs] has finished in [12] ms
21-Feb-2021 18:36:15.515 INFORMAÇÕES [main] org.apache.catalina.startup.HostConfig.deployDirectory Diretório de instalação da aplicação web [/home/fernandovgs/dev/studies/inter-java-bootcamp/course-11-springboot/apache-tomcat-9.0.43/webapps/ROOT]
21-Feb-2021 18:36:15.528 INFORMAÇÕES [main] org.apache.catalina.startup.HostConfig.deployDirectory Deployment of web application directory [/home/fernandovgs/dev/studies/inter-java-bootcamp/course-11-springboot/apache-tomcat-9.0.43/webapps/ROOT] has finished in [12] ms
21-Feb-2021 18:36:15.531 INFORMAÇÕES [main] org.apache.coyote.AbstractProtocol.start Starting ProtocolHandler ["http-nio-8080"]
21-Feb-2021 18:36:15.538 INFORMAÇÕES [main] org.apache.catalina.startup.Catalina.start Server startup in [1332] milliseconds
NOTE: Picked up JDK_JAVA_OPTIONS:  --add-opens=java.base/java.lang=ALL-UNNAMED --add-opens=java.base/java.io=ALL-UNNAMED --add-opens=java.base/java.util=ALL-UNNAMED --add-opens=java.base/java.util.concurrent=ALL-UNNAMED --add-opens=java.rmi/sun.rmi.transport=ALL-UNNAMED
21-Feb-2021 18:40:54.996 INFORMAÇÕES [main] org.apache.catalina.startup.VersionLoggerListener.log Server version name:   Apache Tomcat/9.0.43
21-Feb-2021 18:40:54.999 INFORMAÇÕES [main] org.apache.catalina.startup.VersionLoggerListener.log Server built:          Jan 28 2021 20:25:45 UTC
21-Feb-2021 18:40:54.999 INFORMAÇÕES [main] org.apache.catalina.startup.VersionLoggerListener.log Server version number: 9.0.43.0
21-Feb-2021 18:40:54.999 INFORMAÇÕES [main] org.apache.catalina.startup.VersionLoggerListener.log OS Name:               Linux
21-Feb-2021 18:40:54.999 INFORMAÇÕES [main] org.apache.catalina.startup.VersionLoggerListener.log OS Version:            5.10.15-1-MANJARO
21-Feb-2021 18:40:54.999 INFORMAÇÕES [main] org.apache.catalina.startup.VersionLoggerListener.log Architecture:          amd64
21-Feb-2021 18:40:54.999 INFORMAÇÕES [main] org.apache.catalina.startup.VersionLoggerListener.log Java Home:             /usr/lib/jvm/java-11-openjdk
21-Feb-2021 18:40:54.999 INFORMAÇÕES [main] org.apache.catalina.startup.VersionLoggerListener.log JVM Version:           11.0.10+9
21-Feb-2021 18:40:54.999 INFORMAÇÕES [main] org.apache.catalina.startup.VersionLoggerListener.log JVM Vendor:            Oracle Corporation
21-Feb-2021 18:40:54.999 INFORMAÇÕES [main] org.apache.catalina.startup.VersionLoggerListener.log CATALINA_BASE:         /home/fernandovgs/dev/studies/inter-java-bootcamp/course-11-springboot/apache-tomcat-9.0.43
21-Feb-2021 18:40:55.000 INFORMAÇÕES [main] org.apache.catalina.startup.VersionLoggerListener.log CATALINA_HOME:         /home/fernandovgs/dev/studies/inter-java-bootcamp/course-11-springboot/apache-tomcat-9.0.43
21-Feb-2021 18:40:55.008 INFORMAÇÕES [main] org.apache.catalina.startup.VersionLoggerListener.log Command line argument: --add-opens=java.base/java.lang=ALL-UNNAMED
21-Feb-2021 18:40:55.008 INFORMAÇÕES [main] org.apache.catalina.startup.VersionLoggerListener.log Command line argument: --add-opens=java.base/java.io=ALL-UNNAMED
21-Feb-2021 18:40:55.008 INFORMAÇÕES [main] org.apache.catalina.startup.VersionLoggerListener.log Command line argument: --add-opens=java.base/java.util=ALL-UNNAMED
21-Feb-2021 18:40:55.008 INFORMAÇÕES [main] org.apache.catalina.startup.VersionLoggerListener.log Command line argument: --add-opens=java.base/java.util.concurrent=ALL-UNNAMED
21-Feb-2021 18:40:55.008 INFORMAÇÕES [main] org.apache.catalina.startup.VersionLoggerListener.log Command line argument: --add-opens=java.rmi/sun.rmi.transport=ALL-UNNAMED
21-Feb-2021 18:40:55.008 INFORMAÇÕES [main] org.apache.catalina.startup.VersionLoggerListener.log Command line argument: -Djava.util.logging.config.file=/home/fernandovgs/dev/studies/inter-java-bootcamp/course-11-springboot/apache-tomcat-9.0.43/conf/logging.properties
21-Feb-2021 18:40:55.009 INFORMAÇÕES [main] org.apache.catalina.startup.VersionLoggerListener.log Command line argument: -Djava.util.logging.manager=org.apache.juli.ClassLoaderLogManager
21-Feb-2021 18:40:55.009 INFORMAÇÕES [main] org.apache.catalina.startup.VersionLoggerListener.log Command line argument: -Djdk.tls.ephemeralDHKeySize=2048
21-Feb-2021 18:40:55.009 INFORMAÇÕES [main] org.apache.catalina.startup.VersionLoggerListener.log Command line argument: -Djava.protocol.handler.pkgs=org.apache.catalina.webresources
21-Feb-2021 18:40:55.009 INFORMAÇÕES [main] org.apache.catalina.startup.VersionLoggerListener.log Command line argument: -Dorg.apache.catalina.security.SecurityListener.UMASK=0027
21-Feb-2021 18:40:55.009 INFORMAÇÕES [main] org.apache.catalina.startup.VersionLoggerListener.log Command line argument: -Dignore.endorsed.dirs=
21-Feb-2021 18:40:55.009 INFORMAÇÕES [main] org.apache.catalina.startup.VersionLoggerListener.log Command line argument: -Dcatalina.base=/home/fernandovgs/dev/studies/inter-java-bootcamp/course-11-springboot/apache-tomcat-9.0.43
21-Feb-2021 18:40:55.009 INFORMAÇÕES [main] org.apache.catalina.startup.VersionLoggerListener.log Command line argument: -Dcatalina.home=/home/fernandovgs/dev/studies/inter-java-bootcamp/course-11-springboot/apache-tomcat-9.0.43
21-Feb-2021 18:40:55.009 INFORMAÇÕES [main] org.apache.catalina.startup.VersionLoggerListener.log Command line argument: -Djava.io.tmpdir=/home/fernandovgs/dev/studies/inter-java-bootcamp/course-11-springboot/apache-tomcat-9.0.43/temp
21-Feb-2021 18:40:55.011 INFORMAÇÕES [main] org.apache.catalina.core.AprLifecycleListener.lifecycleEvent The Apache Tomcat Native library which allows using OpenSSL was not found on the java.library.path: [/opt/gurobi910/linux64/lib:/usr/java/packages/lib:/usr/lib64:/lib64:/lib:/usr/lib]
21-Feb-2021 18:40:55.268 INFORMAÇÕES [main] org.apache.coyote.AbstractProtocol.init Initializing ProtocolHandler ["http-nio-8080"]
21-Feb-2021 18:40:55.283 GRAVE [main] org.apache.catalina.util.LifecycleBase.handleSubClassException Failed to initialize component [Connector[HTTP/1.1-8080]]
	org.apache.catalina.LifecycleException: Protocol handler initialization failed
		at org.apache.catalina.connector.Connector.initInternal(Connector.java:1049)
		at org.apache.catalina.util.LifecycleBase.init(LifecycleBase.java:136)
		at org.apache.catalina.core.StandardService.initInternal(StandardService.java:558)
		at org.apache.catalina.util.LifecycleBase.init(LifecycleBase.java:136)
		at org.apache.catalina.core.StandardServer.initInternal(StandardServer.java:1045)
		at org.apache.catalina.util.LifecycleBase.init(LifecycleBase.java:136)
		at org.apache.catalina.startup.Catalina.load(Catalina.java:724)
		at org.apache.catalina.startup.Catalina.load(Catalina.java:746)
		at java.base/jdk.internal.reflect.NativeMethodAccessorImpl.invoke0(Native Method)
		at java.base/jdk.internal.reflect.NativeMethodAccessorImpl.invoke(NativeMethodAccessorImpl.java:62)
		at java.base/jdk.internal.reflect.DelegatingMethodAccessorImpl.invoke(DelegatingMethodAccessorImpl.java:43)
		at java.base/java.lang.reflect.Method.invoke(Method.java:566)
		at org.apache.catalina.startup.Bootstrap.load(Bootstrap.java:302)
		at org.apache.catalina.startup.Bootstrap.main(Bootstrap.java:472)
	Caused by: java.net.BindException: Endereço já em uso
		at java.base/sun.nio.ch.Net.bind0(Native Method)
		at java.base/sun.nio.ch.Net.bind(Net.java:455)
		at java.base/sun.nio.ch.Net.bind(Net.java:447)
		at java.base/sun.nio.ch.ServerSocketChannelImpl.bind(ServerSocketChannelImpl.java:227)
		at org.apache.tomcat.util.net.NioEndpoint.initServerSocket(NioEndpoint.java:277)
		at org.apache.tomcat.util.net.NioEndpoint.bind(NioEndpoint.java:241)
		at org.apache.tomcat.util.net.AbstractEndpoint.bindWithCleanup(AbstractEndpoint.java:1193)
		at org.apache.tomcat.util.net.AbstractEndpoint.init(AbstractEndpoint.java:1206)
		at org.apache.coyote.AbstractProtocol.init(AbstractProtocol.java:597)
		at org.apache.coyote.http11.AbstractHttp11Protocol.init(AbstractHttp11Protocol.java:80)
		at org.apache.catalina.connector.Connector.initInternal(Connector.java:1046)
		... 13 more
21-Feb-2021 18:40:55.284 INFORMAÇÕES [main] org.apache.catalina.startup.Catalina.load Server initialization in [444] milliseconds
21-Feb-2021 18:40:55.322 INFORMAÇÕES [main] org.apache.catalina.core.StandardService.startInternal Starting service [Catalina]
21-Feb-2021 18:40:55.322 INFORMAÇÕES [main] org.apache.catalina.core.StandardEngine.startInternal Starting Servlet engine: [Apache Tomcat/9.0.43]
21-Feb-2021 18:40:55.333 INFORMAÇÕES [main] org.apache.catalina.startup.HostConfig.deployWAR Deploying web application archive [/home/fernandovgs/dev/studies/inter-java-bootcamp/course-11-springboot/apache-tomcat-9.0.43/webapps/course-11-springboot.war]
21-Feb-2021 18:40:56.258 INFORMAÇÕES [main] org.apache.jasper.servlet.TldScanner.scanJars At least one JAR was scanned for TLDs yet contained no TLDs. Enable debug logging for this logger for a complete list of JARs that were scanned but no TLDs were found in them. Skipping unneeded JARs during scanning can improve startup time and JSP compilation time.
21-Feb-2021 18:40:56.342 INFORMAÇÕES [main] org.apache.catalina.startup.HostConfig.deployWAR Deployment of web application archive [/home/fernandovgs/dev/studies/inter-java-bootcamp/course-11-springboot/apache-tomcat-9.0.43/webapps/course-11-springboot.war] has finished in [1.008] ms
21-Feb-2021 18:40:56.342 INFORMAÇÕES [main] org.apache.catalina.startup.HostConfig.deployDirectory Diretório de instalação da aplicação web [/home/fernandovgs/dev/studies/inter-java-bootcamp/course-11-springboot/apache-tomcat-9.0.43/webapps/manager]
21-Feb-2021 18:40:56.377 INFORMAÇÕES [main] org.apache.catalina.startup.HostConfig.deployDirectory Deployment of web application directory [/home/fernandovgs/dev/studies/inter-java-bootcamp/course-11-springboot/apache-tomcat-9.0.43/webapps/manager] has finished in [35] ms
21-Feb-2021 18:40:56.378 INFORMAÇÕES [main] org.apache.catalina.startup.HostConfig.deployDirectory Diretório de instalação da aplicação web [/home/fernandovgs/dev/studies/inter-java-bootcamp/course-11-springboot/apache-tomcat-9.0.43/webapps/host-manager]
21-Feb-2021 18:40:56.391 INFORMAÇÕES [main] org.apache.catalina.startup.HostConfig.deployDirectory Deployment of web application directory [/home/fernandovgs/dev/studies/inter-java-bootcamp/course-11-springboot/apache-tomcat-9.0.43/webapps/host-manager] has finished in [13] ms
21-Feb-2021 18:40:56.392 INFORMAÇÕES [main] org.apache.catalina.startup.HostConfig.deployDirectory Diretório de instalação da aplicação web [/home/fernandovgs/dev/studies/inter-java-bootcamp/course-11-springboot/apache-tomcat-9.0.43/webapps/examples]
21-Feb-2021 18:40:56.501 INFORMAÇÕES [main] org.apache.catalina.startup.HostConfig.deployDirectory Deployment of web application directory [/home/fernandovgs/dev/studies/inter-java-bootcamp/course-11-springboot/apache-tomcat-9.0.43/webapps/examples] has finished in [108] ms
21-Feb-2021 18:40:56.501 INFORMAÇÕES [main] org.apache.catalina.startup.HostConfig.deployDirectory Diretório de instalação da aplicação web [/home/fernandovgs/dev/studies/inter-java-bootcamp/course-11-springboot/apache-tomcat-9.0.43/webapps/docs]
21-Feb-2021 18:40:56.511 INFORMAÇÕES [main] org.apache.catalina.startup.HostConfig.deployDirectory Deployment of web application directory [/home/fernandovgs/dev/studies/inter-java-bootcamp/course-11-springboot/apache-tomcat-9.0.43/webapps/docs] has finished in [10] ms
21-Feb-2021 18:40:56.511 INFORMAÇÕES [main] org.apache.catalina.startup.HostConfig.deployDirectory Diretório de instalação da aplicação web [/home/fernandovgs/dev/studies/inter-java-bootcamp/course-11-springboot/apache-tomcat-9.0.43/webapps/ROOT]
21-Feb-2021 18:40:56.521 INFORMAÇÕES [main] org.apache.catalina.startup.HostConfig.deployDirectory Deployment of web application directory [/home/fernandovgs/dev/studies/inter-java-bootcamp/course-11-springboot/apache-tomcat-9.0.43/webapps/ROOT] has finished in [10] ms
21-Feb-2021 18:40:56.524 INFORMAÇÕES [main] org.apache.catalina.startup.Catalina.start Server startup in [1240] milliseconds
21-Feb-2021 18:40:56.527 GRAVE [main] org.apache.catalina.core.StandardServer.await Failed to create server shutdown socket on address [localhost] and port [8005] (base port [8005] and offset [0])
	java.net.BindException: Endereço já em uso (Bind failed)
		at java.base/java.net.PlainSocketImpl.socketBind(Native Method)
		at java.base/java.net.AbstractPlainSocketImpl.bind(AbstractPlainSocketImpl.java:436)
		at java.base/java.net.ServerSocket.bind(ServerSocket.java:395)
		at java.base/java.net.ServerSocket.<init>(ServerSocket.java:257)
		at org.apache.catalina.core.StandardServer.await(StandardServer.java:584)
		at org.apache.catalina.startup.Catalina.await(Catalina.java:864)
		at org.apache.catalina.startup.Catalina.start(Catalina.java:810)
		at java.base/jdk.internal.reflect.NativeMethodAccessorImpl.invoke0(Native Method)
		at java.base/jdk.internal.reflect.NativeMethodAccessorImpl.invoke(NativeMethodAccessorImpl.java:62)
		at java.base/jdk.internal.reflect.DelegatingMethodAccessorImpl.invoke(DelegatingMethodAccessorImpl.java:43)
		at java.base/java.lang.reflect.Method.invoke(Method.java:566)
		at org.apache.catalina.startup.Bootstrap.start(Bootstrap.java:342)
		at org.apache.catalina.startup.Bootstrap.main(Bootstrap.java:473)
21-Feb-2021 18:40:56.527 INFORMAÇÕES [main] org.apache.coyote.AbstractProtocol.pause Pausing ProtocolHandler ["http-nio-8080"]
21-Feb-2021 18:40:56.528 INFORMAÇÕES [main] org.apache.catalina.core.StandardService.stopInternal Stopping service [Catalina]
21-Feb-2021 18:40:56.551 INFORMAÇÕES [main] org.apache.coyote.AbstractProtocol.stop Stopping ProtocolHandler ["http-nio-8080"]
21-Feb-2021 18:40:56.552 INFORMAÇÕES [main] org.apache.coyote.AbstractProtocol.destroy Destroying ProtocolHandler ["http-nio-8080"]
